\BOOKMARK [1][-]{section.1}{Abstract}{}% 1
\BOOKMARK [1][-]{section.2}{Introduction}{}% 2
\BOOKMARK [2][-]{subsection.2.1}{Case introduction}{section.2}% 3
\BOOKMARK [1][-]{section.3}{Problem Formulation and Research Questions}{}% 4
\BOOKMARK [2][-]{subsection.3.1}{Delimitations}{section.3}% 5
\BOOKMARK [1][-]{section.4}{Conceptual Framework}{}% 6
\BOOKMARK [2][-]{subsection.4.1}{Supervised datamining}{section.4}% 7
\BOOKMARK [2][-]{subsection.4.2}{Linear regression and fitting}{section.4}% 8
\BOOKMARK [1][-]{section.5}{Methodology}{}% 9
\BOOKMARK [2][-]{subsection.5.1}{Process of Handling Data}{section.5}% 10
\BOOKMARK [2][-]{subsection.5.2}{Data Acquisition and Dataset Description}{section.5}% 11
\BOOKMARK [1][-]{section.6}{Results}{}% 12
\BOOKMARK [2][-]{subsection.6.1}{Business understanding and Data Understanding}{section.6}% 13
\BOOKMARK [2][-]{subsection.6.2}{Data Preparation}{section.6}% 14
\BOOKMARK [2][-]{subsection.6.3}{Modelling, Evaluation and Deployment}{section.6}% 15
\BOOKMARK [1][-]{section.7}{To be added later or thrown away}{}% 16
\BOOKMARK [1][-]{section.8}{Discussion}{}% 17
\BOOKMARK [2][-]{subsection.8.1}{Ethical discussion}{section.8}% 18
\BOOKMARK [2][-]{subsection.8.2}{Learning reflection}{section.8}% 19
\BOOKMARK [1][-]{section.9}{Conclusion}{}% 20
\BOOKMARK [1][-]{appendix.A}{Stests}{}% 21
